<?xml version="1.0" encoding="UTF-8"?>
<!-- Generated by org.testng.reporters.JUnitReportReporter -->
<testsuite hostname="DESKTOP-DB456GE" failures="0" tests="1" name="testng_programs.Parameterized" time="0.017" errors="0" timestamp="2021-05-08T03:24:20 GMT-05:00" skipped="0">
  <testcase classname="testng_programs.Parameterized" name="demo" time="0.017"/>
  <system-out/>
</testsuite> <!-- testng_programs.Parameterized -->
