<?xml version="1.0" encoding="UTF-8"?>
<!-- Generated by org.testng.reporters.JUnitReportReporter -->
<testsuite hostname="DESKTOP-DB456GE" failures="0" tests="3" name="testng_programs.Priority_Concept" time="0.022" errors="0" timestamp="2021-05-07T02:40:42 GMT-05:00" skipped="0">
  <testcase classname="testng_programs.Priority_Concept" name="earphone" time="0.018"/>
  <system-out/>
  <testcase classname="testng_programs.Priority_Concept" name="book" time="0.002"/>
  <system-out/>
  <testcase classname="testng_programs.Priority_Concept" name="apple" time="0.002"/>
  <system-out/>
</testsuite> <!-- testng_programs.Priority_Concept -->
