<?xml version="1.0" encoding="UTF-8"?>
<!-- Generated by org.testng.reporters.JUnitReportReporter -->
<testsuite hostname="DESKTOP-DB456GE" failures="0" tests="1" name="testng_programs.Soft_Concept" time="0.024" errors="0" timestamp="2021-05-09T10:43:59 GMT-05:00" skipped="0">
  <testcase classname="testng_programs.Soft_Concept" name="demo" time="0.024"/>
  <system-out/>
</testsuite> <!-- testng_programs.Soft_Concept -->
