<?xml version="1.0" encoding="UTF-8"?>
<!-- Generated by org.testng.reporters.JUnitReportReporter -->
<testsuite hostname="DESKTOP-DB456GE" failures="0" tests="6" name="testng_programs.Group_Of_Group" time="0.032" errors="0" timestamp="2021-05-08T02:36:29 GMT-05:00" skipped="0">
  <testcase classname="testng_programs.Group_Of_Group" name="moblie" time="0.003"/>
  <system-out/>
  <testcase classname="testng_programs.Group_Of_Group" name="snap" time="0.003"/>
  <system-out/>
  <testcase classname="testng_programs.Group_Of_Group" name="whatsapp" time="0.003"/>
  <system-out/>
  <testcase classname="testng_programs.Group_Of_Group" name="earphone" time="0.018"/>
  <system-out/>
  <testcase classname="testng_programs.Group_Of_Group" name="laptop" time="0.002"/>
  <system-out/>
  <testcase classname="testng_programs.Group_Of_Group" name="insta" time="0.003"/>
  <system-out/>
</testsuite> <!-- testng_programs.Group_Of_Group -->
