<?xml version="1.0" encoding="UTF-8"?>
<!-- Generated by org.testng.reporters.JUnitReportReporter -->
<testsuite hostname="DESKTOP-DB456GE" failures="0" tests="2" name="testng_programs.Ignore_Concept" time="0.012" errors="0" timestamp="2021-05-07T02:31:03 GMT-05:00" skipped="1">
  <testcase classname="testng_programs.Ignore_Concept" name="book" time="0.012"/>
  <system-out/>
  <testcase classname="testng_programs.Ignore_Concept" name="earphone">
    <skipped/>
  </testcase> <!-- earphone -->
  <system-out/>
</testsuite> <!-- testng_programs.Ignore_Concept -->
