<?xml version="1.0" encoding="UTF-8"?>
<!-- Generated by org.testng.reporters.JUnitReportReporter -->
<testsuite hostname="DESKTOP-DB456GE" failures="0" tests="1" name="testng_programs.Expected_Expection" time="0.018" errors="0" timestamp="2021-05-07T02:50:59 GMT-05:00" skipped="0">
  <testcase classname="testng_programs.Expected_Expection" name="exception" time="0.018"/>
  <system-out/>
</testsuite> <!-- testng_programs.Expected_Expection -->
