<?xml version="1.0" encoding="UTF-8"?>
<!-- Generated by org.testng.reporters.JUnitReportReporter -->
<testsuite hostname="DESKTOP-DB456GE" failures="0" tests="3" name="testng_programs.Sample" time="0.024" errors="0" timestamp="2021-05-06T09:58:42 GMT-05:00" skipped="0">
  <testcase classname="testng_programs.Sample" name="earphone" time="0.013"/>
  <system-out/>
  <testcase classname="testng_programs.Sample" name="moblie" time="0.005"/>
  <system-out/>
  <testcase classname="testng_programs.Sample" name="laptop" time="0.006"/>
  <system-out/>
</testsuite> <!-- testng_programs.Sample -->
