<?xml version="1.0" encoding="UTF-8"?>
<!-- Generated by org.testng.reporters.JUnitReportReporter -->
<testsuite hostname="DESKTOP-DB456GE" failures="0" tests="6" name="testng_programs.Grouping" time="0.029" errors="0" timestamp="2021-05-07T03:02:32 GMT-05:00" skipped="0">
  <testcase classname="testng_programs.Grouping" name="snap" time="0.001"/>
  <system-out/>
  <testcase classname="testng_programs.Grouping" name="laptop" time="0.003"/>
  <system-out/>
  <testcase classname="testng_programs.Grouping" name="insta" time="0.002"/>
  <system-out/>
  <testcase classname="testng_programs.Grouping" name="whatsapp" time="0.003"/>
  <system-out/>
  <testcase classname="testng_programs.Grouping" name="moblie" time="0.003"/>
  <system-out/>
  <testcase classname="testng_programs.Grouping" name="earphone" time="0.017"/>
  <system-out/>
</testsuite> <!-- testng_programs.Grouping -->
