<?xml version="1.0" encoding="UTF-8"?>
<!-- Generated by org.testng.reporters.JUnitReportReporter -->
<testsuite hostname="DESKTOP-DB456GE" failures="0" tests="2" name="testng_programs.Data_Provider_Test" time="0.017" errors="0" timestamp="2021-05-08T02:59:57 GMT-05:00" skipped="0">
  <testcase classname="testng_programs.Data_Provider_Test" name="ouput" time="0.002"/>
  <system-out/>
  <testcase classname="testng_programs.Data_Provider_Test" name="ouput" time="0.015"/>
  <system-out/>
</testsuite> <!-- testng_programs.Data_Provider_Test -->
