<?xml version="1.0" encoding="UTF-8"?>
<!-- Generated by org.testng.reporters.JUnitReportReporter -->
<testsuite hostname="DESKTOP-DB456GE" failures="0" tests="5" name="testng_programs.Invocation_Count" time="0.018" errors="0" timestamp="2021-05-07T02:44:09 GMT-05:00" skipped="0">
  <testcase classname="testng_programs.Invocation_Count" name="url" time="0.002"/>
  <system-out/>
  <testcase classname="testng_programs.Invocation_Count" name="refresh" time="0.001"/>
  <system-out/>
  <testcase classname="testng_programs.Invocation_Count" name="refresh" time="0.002"/>
  <system-out/>
  <testcase classname="testng_programs.Invocation_Count" name="setproperty" time="0.002"/>
  <system-out/>
  <testcase classname="testng_programs.Invocation_Count" name="browser" time="0.011"/>
  <system-out/>
</testsuite> <!-- testng_programs.Invocation_Count -->
